<?xml version="1.0" encoding="UTF-8"?>
<testsuite name="com.fullcycle.admin.catalogo.domain.CategoryTest" tests="1" skipped="0" failures="0" errors="0" timestamp="2023-02-21T22:12:13" hostname="pi" time="0.018">
  <properties/>
  <testcase name="testNewCategory()" classname="com.fullcycle.admin.catalogo.domain.CategoryTest" time="0.018"/>
  <system-out><![CDATA[]]></system-out>
  <system-err><![CDATA[]]></system-err>
</testsuite>
